
> fernando-ace-portfolio@1.0.0 dev
> vite


  [32m[1mVITE[22m v5.4.21[39m  [2mready in [0m[1m312[22m[2m[0m ms[22m

  [32m➜[39m  [1mLocal[22m:   [36mhttp://localhost:[1m5173[22m/Portfolio-Website/[39m
[2m  [32m➜[39m  [1mNetwork[22m[2m: use [22m[1m--host[22m[2m to expose[22m
[2m[32m  ➜[39m[22m[2m  press [22m[1mh + enter[22m[2m to show help[22m
[2m2:51:29 PM[22m [36m[1m[vite][22m[39m [32mhmr update [39m[2m/src/components/Hero.jsx, /src/index.css[22m
[2m2:51:35 PM[22m [36m[1m[vite][22m[39m [32mhmr update [39m[2m/src/components/ExperienceSection.jsx, /src/index.css[22m
[2m2:51:45 PM[22m [36m[1m[vite][22m[39m [32mhmr update [39m[2m/src/components/ProjectsSection.jsx, /src/index.css[22m
[2m2:51:50 PM[22m [36m[1m[vite][22m[39m [32mhmr update [39m[2m/src/components/SkillsSection.jsx, /src/index.css[22m
[2m2:51:55 PM[22m [36m[1m[vite][22m[39m [32mhmr update [39m[2m/src/components/LeadershipSection.jsx, /src/index.css[22m
[2m2:52:01 PM[22m [36m[1m[vite][22m[39m [32mhmr update [39m[2m/src/components/ContactSection.jsx, /src/index.css[22m
[2m2:52:05 PM[22m [36m[1m[vite][22m[39m [32mhmr update [39m[2m/src/components/ExperienceSection.jsx, /src/index.css, /src/components/Navbar.jsx, /src/components/LeadershipSection.jsx, /src/components/Hero.jsx, /src/components/SkillsSection.jsx, /src/components/ProjectsSection.jsx, /src/components/ContactSection.jsx, /src/components/Footer.jsx[22m
[2m3:04:40 PM[22m [36m[1m[vite][22m[39m [32mhmr update [39m[2m/src/components/ExperienceSection.jsx, /src/index.css, /src/components/Navbar.jsx, /src/components/LeadershipSection.jsx, /src/components/Hero.jsx, /src/components/SkillsSection.jsx, /src/components/ProjectsSection.jsx, /src/components/ContactSection.jsx, /src/components/Footer.jsx[22m
[2m3:04:58 PM[22m [36m[1m[vite][22m[39m [32mhmr update [39m[2m/src/components/Hero.jsx, /src/index.css[22m
[2m3:05:05 PM[22m [36m[1m[vite][22m[39m [32mhmr update [39m[2m/src/components/Footer.jsx, /src/index.css[22m
[2m3:10:54 PM[22m [36m[1m[vite][22m[39m [32mhmr update [39m[2m/src/components/ExperienceSection.jsx, /src/index.css, /src/components/Navbar.jsx, /src/components/LeadershipSection.jsx, /src/components/Hero.jsx, /src/components/SkillsSection.jsx, /src/components/ProjectsSection.jsx, /src/components/ContactSection.jsx, /src/components/Footer.jsx[22m
[2m3:11:20 PM[22m [36m[1m[vite][22m[39m [32mhmr update [39m[2m/src/components/Footer.jsx, /src/index.css[22m
[2m3:11:49 PM[22m [36m[1m[vite][22m[39m [32mhmr update [39m[2m/src/components/Footer.jsx, /src/index.css[22m
[2m3:25:36 PM[22m [36m[1m[vite][22m[39m [32mhmr update [39m[2m/src/components/Hero.jsx, /src/index.css[22m
[2m3:32:44 PM[22m [36m[1m[vite][22m[39m [32mhmr update [39m[2m/src/components/Hero.jsx, /src/index.css[22m
[2m3:32:50 PM[22m [36m[1m[vite][22m[39m [32mhmr update [39m[2m/src/index.css[22m
[2m3:51:07 PM[22m [36m[1m[vite][22m[39m [32mhmr update [39m[2m/src/index.css[22m
[2m3:51:13 PM[22m [36m[1m[vite][22m[39m [32mhmr update [39m[2m/src/App.jsx, /src/index.css[22m
